[debug] [2022-02-10T22:33:23.062Z] ----------------------------------------------------------------------
[debug] [2022-02-10T22:33:23.064Z] Command:       /usr/local/bin/node /usr/local/bin/firebase emulators:start
[debug] [2022-02-10T22:33:23.064Z] CLI Version:   10.1.2
[debug] [2022-02-10T22:33:23.064Z] Platform:      darwin
[debug] [2022-02-10T22:33:23.064Z] Node Version:  v14.18.2
[debug] [2022-02-10T22:33:23.065Z] Time:          Thu Feb 10 2022 23:33:23 GMT+0100 (Central European Standard Time)
[debug] [2022-02-10T22:33:23.065Z] ----------------------------------------------------------------------
[debug] 
[debug] [2022-02-10T22:33:23.129Z] > command requires scopes: ["email","openid","https://www.googleapis.com/auth/cloudplatformprojects.readonly","https://www.googleapis.com/auth/firebase","https://www.googleapis.com/auth/cloud-platform"]
[debug] [2022-02-10T22:33:23.129Z] > authorizing via signed-in user (biharygergo@gmail.com)
[info] i  emulators: Starting emulators: functions, hosting {"metadata":{"emulator":{"name":"hub"},"message":"Starting emulators: functions, hosting"}}
[debug] [2022-02-10T22:33:23.145Z] [hub] writing locator at /var/folders/hg/h3wdyz316jz46lf2d2qvgx840000gn/T/hub-card-estimator.json
[warn] ⚠  functions: The following emulators are not running, calls to these services from the Functions emulator will affect production: auth, firestore, database, pubsub, storage {"metadata":{"emulator":{"name":"functions"},"message":"The following emulators are not running, calls to these services from the Functions emulator will affect production: \u001b[1mauth, firestore, database, pubsub, storage\u001b[22m"}}
[warn] ⚠  Your requested "node" version "16" doesn't match your global version "14" {"metadata":{"emulator":{"name":"functions"},"message":"Your requested \"node\" version \"16\" doesn't match your global version \"14\""}}
[debug] [2022-02-10T22:33:23.171Z] defaultcredentials: writing to file /Users/gergelybihary/.config/firebase/biharygergo_gmail_com_application_default_credentials.json
[debug] [2022-02-10T22:33:23.173Z] Setting GAC to /Users/gergelybihary/.config/firebase/biharygergo_gmail_com_application_default_credentials.json {"metadata":{"emulator":{"name":"functions"},"message":"Setting GAC to /Users/gergelybihary/.config/firebase/biharygergo_gmail_com_application_default_credentials.json"}}
[debug] [2022-02-10T22:33:23.175Z] >>> [apiv2][query] GET https://firebase.googleapis.com/v1beta1/projects/card-estimator/adminSdkConfig [none]
[debug] [2022-02-10T22:33:23.846Z] <<< [apiv2][status] GET https://firebase.googleapis.com/v1beta1/projects/card-estimator/adminSdkConfig 200
[debug] [2022-02-10T22:33:23.846Z] <<< [apiv2][body] GET https://firebase.googleapis.com/v1beta1/projects/card-estimator/adminSdkConfig {"projectId":"card-estimator","databaseURL":"https://card-estimator.firebaseio.com","storageBucket":"card-estimator.appspot.com","locationId":"europe-west"}
[debug] [2022-02-10T22:33:24.140Z] >>> [apiv2][query] GET https://firebasehosting.googleapis.com/v1beta1/projects/card-estimator/sites 
[debug] [2022-02-10T22:33:24.718Z] <<< [apiv2][status] GET https://firebasehosting.googleapis.com/v1beta1/projects/card-estimator/sites 200
[debug] [2022-02-10T22:33:24.718Z] <<< [apiv2][body] GET https://firebasehosting.googleapis.com/v1beta1/projects/card-estimator/sites {"sites":[{"name":"projects/417578634660/sites/card-estimator","defaultUrl":"https://card-estimator.web.app","appId":"1:417578634660:web:3617c13e4d28109aa18531","type":"DEFAULT_SITE"}]}
[debug] [2022-02-10T22:33:24.718Z] >>> [apiv2][query] GET https://firebase.googleapis.com/v1beta1/projects/card-estimator/webApps/1:417578634660:web:3617c13e4d28109aa18531/config [none]
[debug] [2022-02-10T22:33:25.384Z] <<< [apiv2][status] GET https://firebase.googleapis.com/v1beta1/projects/card-estimator/webApps/1:417578634660:web:3617c13e4d28109aa18531/config 200
[debug] [2022-02-10T22:33:25.384Z] <<< [apiv2][body] GET https://firebase.googleapis.com/v1beta1/projects/card-estimator/webApps/1:417578634660:web:3617c13e4d28109aa18531/config {"projectId":"card-estimator","appId":"1:417578634660:web:3617c13e4d28109aa18531","databaseURL":"https://card-estimator.firebaseio.com","storageBucket":"card-estimator.appspot.com","locationId":"europe-west","apiKey":"AIzaSyDcAquwdgHCtC-DUQ_-fMa0tdqUBKVi5C8","authDomain":"card-estimator.firebaseapp.com","messagingSenderId":"417578634660","measurementId":"G-ZVXZ9HTLGS"}
[info] i  hosting[estimator]: Serving hosting files from: dist/estimator/browser {"metadata":{"emulator":{"name":"hosting"},"message":"Serving hosting files from: \u001b[1mdist/estimator/browser\u001b[22m"}}
[info] ✔  hosting[estimator]: Local server: http://localhost:5000 {"metadata":{"emulator":{"name":"hosting"},"message":"Local server: \u001b[4m\u001b[1mhttp://localhost:5000\u001b[22m\u001b[24m"}}
[warn] ⚠  ui: Emulator UI unable to start on port 4000, starting on 4001 instead. {"metadata":{"emulator":{"name":"ui"},"message":"Emulator UI unable to start on port 4000, starting on 4001 instead."}}
[debug] [2022-02-10T22:33:25.694Z] Ignoring unsupported arg: auto_download {"metadata":{"emulator":{"name":"ui"},"message":"Ignoring unsupported arg: auto_download"}}
[debug] [2022-02-10T22:33:25.695Z] Ignoring unsupported arg: port {"metadata":{"emulator":{"name":"ui"},"message":"Ignoring unsupported arg: port"}}
[debug] [2022-02-10T22:33:25.695Z] Starting Emulator UI with command {"binary":"node","args":["/Users/gergelybihary/.cache/firebase/emulators/ui-v1.6.4/server.bundle.js"],"optionalArgs":[],"joinArgs":false} {"metadata":{"emulator":{"name":"ui"},"message":"Starting Emulator UI with command {\"binary\":\"node\",\"args\":[\"/Users/gergelybihary/.cache/firebase/emulators/ui-v1.6.4/server.bundle.js\"],\"optionalArgs\":[],\"joinArgs\":false}"}}
[info] i  ui: Emulator UI logging to ui-debug.log {"metadata":{"emulator":{"name":"ui"},"message":"Emulator UI logging to \u001b[1mui-debug.log\u001b[22m"}}
[debug] [2022-02-10T22:33:25.777Z] Web / API server started at localhost:4001
 {"metadata":{"emulator":{"name":"ui"},"message":"Web / API server started at localhost:4001\n"}}
[info] i  functions: Watching "/Users/gergelybihary/Documents/projects/estimator/functions" for Cloud Functions... {"metadata":{"emulator":{"name":"functions"},"message":"Watching \"/Users/gergelybihary/Documents/projects/estimator/functions\" for Cloud Functions..."}}
[debug] [2022-02-10T22:33:25.963Z] [worker-pool] addWorker(~diagnostic~) {"metadata":{"emulator":{"name":"functions"},"message":"[worker-pool] addWorker(~diagnostic~)"}}
[debug] [2022-02-10T22:33:25.963Z] [worker-pool] Adding worker with key ~diagnostic~, total=1 {"metadata":{"emulator":{"name":"functions"},"message":"[worker-pool] Adding worker with key ~diagnostic~, total=1"}}
[debug] [2022-02-10T22:33:25.963Z] [worker-pool] submitWork(triggerId=) {"metadata":{"emulator":{"name":"functions"},"message":"[worker-pool] submitWork(triggerId=)"}}
[debug] [2022-02-10T22:33:25.964Z] [worker-~diagnostic~-f0d63647-bc44-459c-af4d-bae0bac4b11f]: Assigning socketPath: /var/folders/hg/h3wdyz316jz46lf2d2qvgx840000gn/T/fire_emu_27472.sock {"metadata":{"emulator":{"name":"functions"},"message":"[worker-~diagnostic~-f0d63647-bc44-459c-af4d-bae0bac4b11f]: Assigning socketPath: /var/folders/hg/h3wdyz316jz46lf2d2qvgx840000gn/T/fire_emu_27472.sock"}}
[debug] [2022-02-10T22:33:25.964Z] [worker-~diagnostic~-f0d63647-bc44-459c-af4d-bae0bac4b11f]: BUSY {"metadata":{"emulator":{"name":"functions"},"message":"[worker-~diagnostic~-f0d63647-bc44-459c-af4d-bae0bac4b11f]: BUSY"}}
[debug] [2022-02-10T22:33:26.084Z] [runtime-status] [27472] Functions runtime initialized. {"cwd":"/Users/gergelybihary/Documents/projects/estimator/functions","node_version":"14.18.2"} {"metadata":{"emulator":{"name":"functions"},"message":"[runtime-status] [27472] Functions runtime initialized. {\"cwd\":\"/Users/gergelybihary/Documents/projects/estimator/functions\",\"node_version\":\"14.18.2\"}"}}
[debug] [2022-02-10T22:33:26.085Z] [runtime-status] [27472] Disabled runtime features: undefined {"metadata":{"emulator":{"name":"functions"},"message":"[runtime-status] [27472] Disabled runtime features: undefined"}}
[debug] [2022-02-10T22:33:26.087Z] [runtime-status] [27472] Resolved module firebase-admin {"declared":true,"installed":true,"version":"9.12.0","resolution":"/Users/gergelybihary/Documents/projects/estimator/functions/node_modules/firebase-admin/lib/index.js"} {"metadata":{"emulator":{"name":"functions"},"message":"[runtime-status] [27472] Resolved module firebase-admin {\"declared\":true,\"installed\":true,\"version\":\"9.12.0\",\"resolution\":\"/Users/gergelybihary/Documents/projects/estimator/functions/node_modules/firebase-admin/lib/index.js\"}"}}
[debug] [2022-02-10T22:33:26.089Z] [runtime-status] [27472] Resolved module firebase-functions {"declared":true,"installed":true,"version":"3.16.0","resolution":"/Users/gergelybihary/Documents/projects/estimator/functions/node_modules/firebase-functions/lib/index.js"} {"metadata":{"emulator":{"name":"functions"},"message":"[runtime-status] [27472] Resolved module firebase-functions {\"declared\":true,\"installed\":true,\"version\":\"3.16.0\",\"resolution\":\"/Users/gergelybihary/Documents/projects/estimator/functions/node_modules/firebase-functions/lib/index.js\"}"}}
[debug] [2022-02-10T22:33:26.090Z] [runtime-status] [27472] Outgoing network have been stubbed. [{"name":"http","status":"mocked"},{"name":"http","status":"mocked"},{"name":"https","status":"mocked"},{"name":"https","status":"mocked"},{"name":"net","status":"mocked"}] {"metadata":{"emulator":{"name":"functions"},"message":"[runtime-status] [27472] Outgoing network have been stubbed. [{\"name\":\"http\",\"status\":\"mocked\"},{\"name\":\"http\",\"status\":\"mocked\"},{\"name\":\"https\",\"status\":\"mocked\"},{\"name\":\"https\",\"status\":\"mocked\"},{\"name\":\"net\",\"status\":\"mocked\"}]"}}
[debug] [2022-02-10T22:33:26.091Z] [runtime-status] [27472] Resolved module firebase-functions {"declared":true,"installed":true,"version":"3.16.0","resolution":"/Users/gergelybihary/Documents/projects/estimator/functions/node_modules/firebase-functions/lib/index.js"} {"metadata":{"emulator":{"name":"functions"},"message":"[runtime-status] [27472] Resolved module firebase-functions {\"declared\":true,\"installed\":true,\"version\":\"3.16.0\",\"resolution\":\"/Users/gergelybihary/Documents/projects/estimator/functions/node_modules/firebase-functions/lib/index.js\"}"}}
[debug] [2022-02-10T22:33:26.122Z] [runtime-status] [27472] Checked functions.config() {"config":{}} {"metadata":{"emulator":{"name":"functions"},"message":"[runtime-status] [27472] Checked functions.config() {\"config\":{}}"}}
[debug] [2022-02-10T22:33:26.123Z] [runtime-status] [27472] firebase-functions has been stubbed. {"functionsResolution":{"declared":true,"installed":true,"version":"3.16.0","resolution":"/Users/gergelybihary/Documents/projects/estimator/functions/node_modules/firebase-functions/lib/index.js"}} {"metadata":{"emulator":{"name":"functions"},"message":"[runtime-status] [27472] firebase-functions has been stubbed. {\"functionsResolution\":{\"declared\":true,\"installed\":true,\"version\":\"3.16.0\",\"resolution\":\"/Users/gergelybihary/Documents/projects/estimator/functions/node_modules/firebase-functions/lib/index.js\"}}"}}
[debug] [2022-02-10T22:33:26.123Z] [runtime-status] [27472] Resolved module firebase-functions {"declared":true,"installed":true,"version":"3.16.0","resolution":"/Users/gergelybihary/Documents/projects/estimator/functions/node_modules/firebase-functions/lib/index.js"} {"metadata":{"emulator":{"name":"functions"},"message":"[runtime-status] [27472] Resolved module firebase-functions {\"declared\":true,\"installed\":true,\"version\":\"3.16.0\",\"resolution\":\"/Users/gergelybihary/Documents/projects/estimator/functions/node_modules/firebase-functions/lib/index.js\"}"}}
[debug] [2022-02-10T22:33:26.124Z] [runtime-status] [27472] Resolved module firebase-admin {"declared":true,"installed":true,"version":"9.12.0","resolution":"/Users/gergelybihary/Documents/projects/estimator/functions/node_modules/firebase-admin/lib/index.js"} {"metadata":{"emulator":{"name":"functions"},"message":"[runtime-status] [27472] Resolved module firebase-admin {\"declared\":true,\"installed\":true,\"version\":\"9.12.0\",\"resolution\":\"/Users/gergelybihary/Documents/projects/estimator/functions/node_modules/firebase-admin/lib/index.js\"}"}}
[debug] [2022-02-10T22:33:26.124Z] [runtime-status] [27472] Resolved module firebase-functions {"declared":true,"installed":true,"version":"3.16.0","resolution":"/Users/gergelybihary/Documents/projects/estimator/functions/node_modules/firebase-functions/lib/index.js"} {"metadata":{"emulator":{"name":"functions"},"message":"[runtime-status] [27472] Resolved module firebase-functions {\"declared\":true,\"installed\":true,\"version\":\"3.16.0\",\"resolution\":\"/Users/gergelybihary/Documents/projects/estimator/functions/node_modules/firebase-functions/lib/index.js\"}"}}
[debug] [2022-02-10T22:33:26.124Z] [runtime-status] [27472] firebase-admin has been stubbed. {"adminResolution":{"declared":true,"installed":true,"version":"9.12.0","resolution":"/Users/gergelybihary/Documents/projects/estimator/functions/node_modules/firebase-admin/lib/index.js"}} {"metadata":{"emulator":{"name":"functions"},"message":"[runtime-status] [27472] firebase-admin has been stubbed. {\"adminResolution\":{\"declared\":true,\"installed\":true,\"version\":\"9.12.0\",\"resolution\":\"/Users/gergelybihary/Documents/projects/estimator/functions/node_modules/firebase-admin/lib/index.js\"}}"}}
[debug] [2022-02-10T22:33:26.140Z] [runtime-status] [27472] initializeApp(DEFAULT) {"storageBucket":"card-estimator.appspot.com","databaseURL":"https://card-estimator.firebaseio.com","projectId":"card-estimator"} {"metadata":{"emulator":{"name":"functions"},"message":"[runtime-status] [27472] initializeApp(DEFAULT) {\"storageBucket\":\"card-estimator.appspot.com\",\"databaseURL\":\"https://card-estimator.firebaseio.com\",\"projectId\":\"card-estimator\"}"}}
[info] i  functions[us-central1-clearOldRooms]: function ignored because the pubsub emulator does not exist or is not running. {"metadata":{"emulator":{"name":"functions"},"message":"function ignored because the pubsub emulator does not exist or is not running."}}
[info] 
┌─────────────────────────────────────────────────────────────┐
│ ✔  All emulators ready! It is now safe to connect your app. │
│ i  View Emulator UI at http://localhost:4001                │
└─────────────────────────────────────────────────────────────┘

┌───────────┬────────────────┬─────────────────────────────────┐
│ Emulator  │ Host:Port      │ View in Emulator UI             │
├───────────┼────────────────┼─────────────────────────────────┤
│ Functions │ localhost:5001 │ http://localhost:4001/functions │
├───────────┼────────────────┼─────────────────────────────────┤
│ Hosting   │ localhost:5000 │ n/a                             │
└───────────┴────────────────┴─────────────────────────────────┘
  Emulator Hub running at localhost:4400
  Other reserved ports: 4500

Issues? Report them at https://github.com/firebase/firebase-tools/issues and attach the *-debug.log files.
 
[debug] [2022-02-10T22:33:26.148Z] [worker-~diagnostic~-f0d63647-bc44-459c-af4d-bae0bac4b11f]: IDLE {"metadata":{"emulator":{"name":"functions"},"message":"[worker-~diagnostic~-f0d63647-bc44-459c-af4d-bae0bac4b11f]: IDLE"}}
[info] i  hosting: 127.0.0.1 - - [10/Feb/2022:22:33:27 +0000] "GET /join HTTP/1.1" 200 42194 "-" "Mozilla/5.0 (Macintosh; Intel Mac OS X 10_15_7) AppleWebKit/537.36 (KHTML, like Gecko) Chrome/98.0.4758.80 Safari/537.36" {"metadata":{"emulator":{"name":"hosting"},"message":"127.0.0.1 - - [10/Feb/2022:22:33:27 +0000] \"GET /join HTTP/1.1\" 200 42194 \"-\" \"Mozilla/5.0 (Macintosh; Intel Mac OS X 10_15_7) AppleWebKit/537.36 (KHTML, like Gecko) Chrome/98.0.4758.80 Safari/537.36\""}}
[info] i  hosting: 127.0.0.1 - - [10/Feb/2022:22:33:30 +0000] "GET /agonizing-skin HTTP/1.1" 304 - "-" "Mozilla/5.0 (Macintosh; Intel Mac OS X 10_15_7) AppleWebKit/537.36 (KHTML, like Gecko) Chrome/98.0.4758.80 Safari/537.36" {"metadata":{"emulator":{"name":"hosting"},"message":"127.0.0.1 - - [10/Feb/2022:22:33:30 +0000] \"GET /agonizing-skin HTTP/1.1\" 304 - \"-\" \"Mozilla/5.0 (Macintosh; Intel Mac OS X 10_15_7) AppleWebKit/537.36 (KHTML, like Gecko) Chrome/98.0.4758.80 Safari/537.36\""}}
[info] i  hosting: 127.0.0.1 - - [10/Feb/2022:22:33:33 +0000] "GET / HTTP/1.1" 200 25990 "-" "Mozilla/5.0 (Macintosh; Intel Mac OS X 10_15_7) AppleWebKit/537.36 (KHTML, like Gecko) Chrome/98.0.4758.80 Safari/537.36" {"metadata":{"emulator":{"name":"hosting"},"message":"127.0.0.1 - - [10/Feb/2022:22:33:33 +0000] \"GET / HTTP/1.1\" 200 25990 \"-\" \"Mozilla/5.0 (Macintosh; Intel Mac OS X 10_15_7) AppleWebKit/537.36 (KHTML, like Gecko) Chrome/98.0.4758.80 Safari/537.36\""}}
[info] i  hosting: 127.0.0.1 - - [10/Feb/2022:22:33:33 +0000] "GET /assets/cursor.svg HTTP/1.1" 200 1086 "http://localhost:5000/" "Mozilla/5.0 (Macintosh; Intel Mac OS X 10_15_7) AppleWebKit/537.36 (KHTML, like Gecko) Chrome/98.0.4758.80 Safari/537.36" {"metadata":{"emulator":{"name":"hosting"},"message":"127.0.0.1 - - [10/Feb/2022:22:33:33 +0000] \"GET /assets/cursor.svg HTTP/1.1\" 200 1086 \"http://localhost:5000/\" \"Mozilla/5.0 (Macintosh; Intel Mac OS X 10_15_7) AppleWebKit/537.36 (KHTML, like Gecko) Chrome/98.0.4758.80 Safari/537.36\""}}
[info] i  hosting: 127.0.0.1 - - [10/Feb/2022:22:33:33 +0000] "GET /assets/gergely-bihary.png HTTP/1.1" 200 9812 "http://localhost:5000/" "Mozilla/5.0 (Macintosh; Intel Mac OS X 10_15_7) AppleWebKit/537.36 (KHTML, like Gecko) Chrome/98.0.4758.80 Safari/537.36" {"metadata":{"emulator":{"name":"hosting"},"message":"127.0.0.1 - - [10/Feb/2022:22:33:33 +0000] \"GET /assets/gergely-bihary.png HTTP/1.1\" 200 9812 \"http://localhost:5000/\" \"Mozilla/5.0 (Macintosh; Intel Mac OS X 10_15_7) AppleWebKit/537.36 (KHTML, like Gecko) Chrome/98.0.4758.80 Safari/537.36\""}}
[info] i  hosting: 127.0.0.1 - - [10/Feb/2022:22:33:34 +0000] "GET / HTTP/1.1" 200 25990 "-" "Mozilla/5.0 (Macintosh; Intel Mac OS X 10_15_7) AppleWebKit/537.36 (KHTML, like Gecko) Chrome/98.0.4758.80 Safari/537.36" {"metadata":{"emulator":{"name":"hosting"},"message":"127.0.0.1 - - [10/Feb/2022:22:33:34 +0000] \"GET / HTTP/1.1\" 200 25990 \"-\" \"Mozilla/5.0 (Macintosh; Intel Mac OS X 10_15_7) AppleWebKit/537.36 (KHTML, like Gecko) Chrome/98.0.4758.80 Safari/537.36\""}}
